[2024-03-13 14:39:08] local.ERROR: SQLSTATE[HY000] [1045] Access denied for user 'root'@'localhost' (using password: NO) (Connection: mysql, SQL: select * from `sessions` where `id` = AKV1uJuy40HShGGCtcM5EtvlSLCW1UNehBfL2QaA limit 1) {"exception":"[object] (Illuminate\\Database\\QueryException(code: 1045): SQLSTATE[HY000] [1045] Access denied for user 'root'@'localhost' (using password: NO) (Connection: mysql, SQL: select * from `sessions` where `id` = AKV1uJuy40HShGGCtcM5EtvlSLCW1UNehBfL2QaA limit 1) at /Users/josuesalazaku/Developer/BeCode/Summerpastures/sounds-swap/Sounds-swap/vendor/laravel/framework/src/Illuminate/Database/Connection.php:813)
[stacktrace]
#0 /Users/josuesalazaku/Developer/BeCode/Summerpastures/sounds-swap/Sounds-swap/vendor/laravel/framework/src/Illuminate/Database/Connection.php(767): Illuminate\\Database\\Connection->runQueryCallback('select * from `...', Array, Object(Closure))
#1 /Users/josuesalazaku/Developer/BeCode/Summerpastures/sounds-swap/Sounds-swap/vendor/laravel/framework/src/Illuminate/Database/Connection.php(398): Illuminate\\Database\\Connection->run('select * from `...', Array, Object(Closure))
#2 /Users/josuesalazaku/Developer/BeCode/Summerpastures/sounds-swap/Sounds-swap/vendor/laravel/framework/src/Illuminate/Database/Query/Builder.php(2899): Illuminate\\Database\\Connection->select('select * from `...', Array, true)
#3 /Users/josuesalazaku/Developer/BeCode/Summerpastures/sounds-swap/Sounds-swap/vendor/laravel/framework/src/Illuminate/Database/Query/Builder.php(2884): Illuminate\\Database\\Query\\Builder->runSelect()
#4 /Users/josuesalazaku/Developer/BeCode/Summerpastures/sounds-swap/Sounds-swap/vendor/laravel/framework/src/Illuminate/Database/Query/Builder.php(3468): Illuminate\\Database\\Query\\Builder->Illuminate\\Database\\Query\\{closure}()
#5 /Users/josuesalazaku/Developer/BeCode/Summerpastures/sounds-swap/Sounds-swap/vendor/laravel/framework/src/Illuminate/Database/Query/Builder.php(2883): Illuminate\\Database\\Query\\Builder->onceWithColumns(Array, Object(Closure))
#6 /Users/josuesalazaku/Developer/BeCode/Summerpastures/sounds-swap/Sounds-swap/vendor/laravel/framework/src/Illuminate/Database/Concerns/BuildsQueries.php(333): Illuminate\\Database\\Query\\Builder->get(Array)
#7 /Users/josuesalazaku/Developer/BeCode/Summerpastures/sounds-swap/Sounds-swap/vendor/laravel/framework/src/Illuminate/Database/Query/Builder.php(2806): Illuminate\\Database\\Query\\Builder->first(Array)
#8 /Users/josuesalazaku/Developer/BeCode/Summerpastures/sounds-swap/Sounds-swap/vendor/laravel/framework/src/Illuminate/Session/DatabaseSessionHandler.php(97): Illuminate\\Database\\Query\\Builder->find('AKV1uJuy40HShGG...')
#9 /Users/josuesalazaku/Developer/BeCode/Summerpastures/sounds-swap/Sounds-swap/vendor/laravel/framework/src/Illuminate/Session/Store.php(113): Illuminate\\Session\\DatabaseSessionHandler->read('AKV1uJuy40HShGG...')
#10 /Users/josuesalazaku/Developer/BeCode/Summerpastures/sounds-swap/Sounds-swap/vendor/laravel/framework/src/Illuminate/Session/Store.php(101): Illuminate\\Session\\Store->readFromHandler()
#11 /Users/josuesalazaku/Developer/BeCode/Summerpastures/sounds-swap/Sounds-swap/vendor/laravel/framework/src/Illuminate/Session/Store.php(85): Illuminate\\Session\\Store->loadSession()
#12 /Users/josuesalazaku/Developer/BeCode/Summerpastures/sounds-swap/Sounds-swap/vendor/laravel/framework/src/Illuminate/Session/Middleware/StartSession.php(147): Illuminate\\Session\\Store->start()
#13 /Users/josuesalazaku/Developer/BeCode/Summerpastures/sounds-swap/Sounds-swap/vendor/laravel/framework/src/Illuminate/Support/helpers.php(345): Illuminate\\Session\\Middleware\\StartSession->Illuminate\\Session\\Middleware\\{closure}(Object(Illuminate\\Session\\Store))
#14 /Users/josuesalazaku/Developer/BeCode/Summerpastures/sounds-swap/Sounds-swap/vendor/laravel/framework/src/Illuminate/Session/Middleware/StartSession.php(144): tap(Object(Illuminate\\Session\\Store), Object(Closure))
#15 /Users/josuesalazaku/Developer/BeCode/Summerpastures/sounds-swap/Sounds-swap/vendor/laravel/framework/src/Illuminate/Session/Middleware/StartSession.php(116): Illuminate\\Session\\Middleware\\StartSession->startSession(Object(Illuminate\\Http\\Request), Object(Illuminate\\Session\\Store))
#16 /Users/josuesalazaku/Developer/BeCode/Summerpastures/sounds-swap/Sounds-swap/vendor/laravel/framework/src/Illuminate/Session/Middleware/StartSession.php(64): Illuminate\\Session\\Middleware\\StartSession->handleStatefulRequest(Object(Illuminate\\Http\\Request), Object(Illuminate\\Session\\Store), Object(Closure))
#17 /Users/josuesalazaku/Developer/BeCode/Summerpastures/sounds-swap/Sounds-swap/vendor/laravel/framework/src/Illuminate/Pipeline/Pipeline.php(183): Illuminate\\Session\\Middleware\\StartSession->handle(Object(Illuminate\\Http\\Request), Object(Closure))
#18 /Users/josuesalazaku/Developer/BeCode/Summerpastures/sounds-swap/Sounds-swap/vendor/laravel/framework/src/Illuminate/Cookie/Middleware/AddQueuedCookiesToResponse.php(37): Illuminate\\Pipeline\\Pipeline->Illuminate\\Pipeline\\{closure}(Object(Illuminate\\Http\\Request))
#19 /Users/josuesalazaku/Developer/BeCode/Summerpastures/sounds-swap/Sounds-swap/vendor/laravel/framework/src/Illuminate/Pipeline/Pipeline.php(183): Illuminate\\Cookie\\Middleware\\AddQueuedCookiesToResponse->handle(Object(Illuminate\\Http\\Request), Object(Closure))
#20 /Users/josuesalazaku/Developer/BeCode/Summerpastures/sounds-swap/Sounds-swap/vendor/laravel/framework/src/Illuminate/Cookie/Middleware/EncryptCookies.php(75): Illuminate\\Pipeline\\Pipeline->Illuminate\\Pipeline\\{closure}(Object(Illuminate\\Http\\Request))
#21 /Users/josuesalazaku/Developer/BeCode/Summerpastures/sounds-swap/Sounds-swap/vendor/laravel/framework/src/Illuminate/Pipeline/Pipeline.php(183): Illuminate\\Cookie\\Middleware\\EncryptCookies->handle(Object(Illuminate\\Http\\Request), Object(Closure))
#22 /Users/josuesalazaku/Developer/BeCode/Summerpastures/sounds-swap/Sounds-swap/vendor/laravel/framework/src/Illuminate/Pipeline/Pipeline.php(119): Illuminate\\Pipeline\\Pipeline->Illuminate\\Pipeline\\{closure}(Object(Illuminate\\Http\\Request))
#23 /Users/josuesalazaku/Developer/BeCode/Summerpastures/sounds-swap/Sounds-swap/vendor/laravel/framework/src/Illuminate/Routing/Router.php(805): Illuminate\\Pipeline\\Pipeline->then(Object(Closure))
#24 /Users/josuesalazaku/Developer/BeCode/Summerpastures/sounds-swap/Sounds-swap/vendor/laravel/framework/src/Illuminate/Routing/Router.php(784): Illuminate\\Routing\\Router->runRouteWithinStack(Object(Illuminate\\Routing\\Route), Object(Illuminate\\Http\\Request))
#25 /Users/josuesalazaku/Developer/BeCode/Summerpastures/sounds-swap/Sounds-swap/vendor/laravel/framework/src/Illuminate/Routing/Router.php(748): Illuminate\\Routing\\Router->runRoute(Object(Illuminate\\Http\\Request), Object(Illuminate\\Routing\\Route))
#26 /Users/josuesalazaku/Developer/BeCode/Summerpastures/sounds-swap/Sounds-swap/vendor/laravel/framework/src/Illuminate/Routing/Router.php(737): Illuminate\\Routing\\Router->dispatchToRoute(Object(Illuminate\\Http\\Request))
#27 /Users/josuesalazaku/Developer/BeCode/Summerpastures/sounds-swap/Sounds-swap/vendor/laravel/framework/src/Illuminate/Foundation/Http/Kernel.php(200): Illuminate\\Routing\\Router->dispatch(Object(Illuminate\\Http\\Request))
#28 /Users/josuesalazaku/Developer/BeCode/Summerpastures/sounds-swap/Sounds-swap/vendor/laravel/framework/src/Illuminate/Pipeline/Pipeline.php(144): Illuminate\\Foundation\\Http\\Kernel->Illuminate\\Foundation\\Http\\{closure}(Object(Illuminate\\Http\\Request))
#29 /Users/josuesalazaku/Developer/BeCode/Summerpastures/sounds-swap/Sounds-swap/vendor/laravel/framework/src/Illuminate/Foundation/Http/Middleware/TransformsRequest.php(21): Illuminate\\Pipeline\\Pipeline->Illuminate\\Pipeline\\{closure}(Object(Illuminate\\Http\\Request))
#30 /Users/josuesalazaku/Developer/BeCode/Summerpastures/sounds-swap/Sounds-swap/vendor/laravel/framework/src/Illuminate/Foundation/Http/Middleware/ConvertEmptyStringsToNull.php(31): Illuminate\\Foundation\\Http\\Middleware\\TransformsRequest->handle(Object(Illuminate\\Http\\Request), Object(Closure))
#31 /Users/josuesalazaku/Developer/BeCode/Summerpastures/sounds-swap/Sounds-swap/vendor/laravel/framework/src/Illuminate/Pipeline/Pipeline.php(183): Illuminate\\Foundation\\Http\\Middleware\\ConvertEmptyStringsToNull->handle(Object(Illuminate\\Http\\Request), Object(Closure))
#32 /Users/josuesalazaku/Developer/BeCode/Summerpastures/sounds-swap/Sounds-swap/vendor/laravel/framework/src/Illuminate/Foundation/Http/Middleware/TransformsRequest.php(21): Illuminate\\Pipeline\\Pipeline->Illuminate\\Pipeline\\{closure}(Object(Illuminate\\Http\\Request))
#33 /Users/josuesalazaku/Developer/BeCode/Summerpastures/sounds-swap/Sounds-swap/vendor/laravel/framework/src/Illuminate/Foundation/Http/Middleware/TrimStrings.php(50): Illuminate\\Foundation\\Http\\Middleware\\TransformsRequest->handle(Object(Illuminate\\Http\\Request), Object(Closure))
#34 /Users/josuesalazaku/Developer/BeCode/Summerpastures/sounds-swap/Sounds-swap/vendor/laravel/framework/src/Illuminate/Pipeline/Pipeline.php(183): Illuminate\\Foundation\\Http\\Middleware\\TrimStrings->handle(Object(Illuminate\\Http\\Request), Object(Closure))
#35 /Users/josuesalazaku/Developer/BeCode/Summerpastures/sounds-swap/Sounds-swap/vendor/laravel/framework/src/Illuminate/Http/Middleware/ValidatePostSize.php(27): Illuminate\\Pipeline\\Pipeline->Illuminate\\Pipeline\\{closure}(Object(Illuminate\\Http\\Request))
#36 /Users/josuesalazaku/Developer/BeCode/Summerpastures/sounds-swap/Sounds-swap/vendor/laravel/framework/src/Illuminate/Pipeline/Pipeline.php(183): Illuminate\\Http\\Middleware\\ValidatePostSize->handle(Object(Illuminate\\Http\\Request), Object(Closure))
#37 /Users/josuesalazaku/Developer/BeCode/Summerpastures/sounds-swap/Sounds-swap/vendor/laravel/framework/src/Illuminate/Foundation/Http/Middleware/PreventRequestsDuringMaintenance.php(103): Illuminate\\Pipeline\\Pipeline->Illuminate\\Pipeline\\{closure}(Object(Illuminate\\Http\\Request))
#38 /Users/josuesalazaku/Developer/BeCode/Summerpastures/sounds-swap/Sounds-swap/vendor/laravel/framework/src/Illuminate/Pipeline/Pipeline.php(183): Illuminate\\Foundation\\Http\\Middleware\\PreventRequestsDuringMaintenance->handle(Object(Illuminate\\Http\\Request), Object(Closure))
#39 /Users/josuesalazaku/Developer/BeCode/Summerpastures/sounds-swap/Sounds-swap/vendor/laravel/framework/src/Illuminate/Http/Middleware/HandleCors.php(49): Illuminate\\Pipeline\\Pipeline->Illuminate\\Pipeline\\{closure}(Object(Illuminate\\Http\\Request))
#40 /Users/josuesalazaku/Developer/BeCode/Summerpastures/sounds-swap/Sounds-swap/vendor/laravel/framework/src/Illuminate/Pipeline/Pipeline.php(183): Illuminate\\Http\\Middleware\\HandleCors->handle(Object(Illuminate\\Http\\Request), Object(Closure))
#41 /Users/josuesalazaku/Developer/BeCode/Summerpastures/sounds-swap/Sounds-swap/vendor/laravel/framework/src/Illuminate/Http/Middleware/TrustProxies.php(57): Illuminate\\Pipeline\\Pipeline->Illuminate\\Pipeline\\{closure}(Object(Illuminate\\Http\\Request))
#42 /Users/josuesalazaku/Developer/BeCode/Summerpastures/sounds-swap/Sounds-swap/vendor/laravel/framework/src/Illuminate/Pipeline/Pipeline.php(183): Illuminate\\Http\\Middleware\\TrustProxies->handle(Object(Illuminate\\Http\\Request), Object(Closure))
#43 /Users/josuesalazaku/Developer/BeCode/Summerpastures/sounds-swap/Sounds-swap/vendor/laravel/framework/src/Illuminate/Pipeline/Pipeline.php(119): Illuminate\\Pipeline\\Pipeline->Illuminate\\Pipeline\\{closure}(Object(Illuminate\\Http\\Request))
#44 /Users/josuesalazaku/Developer/BeCode/Summerpastures/sounds-swap/Sounds-swap/vendor/laravel/framework/src/Illuminate/Foundation/Http/Kernel.php(175): Illuminate\\Pipeline\\Pipeline->then(Object(Closure))
#45 /Users/josuesalazaku/Developer/BeCode/Summerpastures/sounds-swap/Sounds-swap/vendor/laravel/framework/src/Illuminate/Foundation/Http/Kernel.php(144): Illuminate\\Foundation\\Http\\Kernel->sendRequestThroughRouter(Object(Illuminate\\Http\\Request))
#46 /Users/josuesalazaku/Developer/BeCode/Summerpastures/sounds-swap/Sounds-swap/vendor/laravel/framework/src/Illuminate/Foundation/Application.php(1168): Illuminate\\Foundation\\Http\\Kernel->handle(Object(Illuminate\\Http\\Request))
#47 /Users/josuesalazaku/Developer/BeCode/Summerpastures/sounds-swap/Sounds-swap/public/index.php(17): Illuminate\\Foundation\\Application->handleRequest(Object(Illuminate\\Http\\Request))
#48 /Users/josuesalazaku/Developer/BeCode/Summerpastures/sounds-swap/Sounds-swap/vendor/laravel/framework/src/Illuminate/Foundation/resources/server.php(16): require_once('/Users/josuesal...')
#49 {main}

[previous exception] [object] (PDOException(code: 1045): SQLSTATE[HY000] [1045] Access denied for user 'root'@'localhost' (using password: NO) at /Users/josuesalazaku/Developer/BeCode/Summerpastures/sounds-swap/Sounds-swap/vendor/laravel/framework/src/Illuminate/Database/Connectors/Connector.php:65)
[stacktrace]
#0 /Users/josuesalazaku/Developer/BeCode/Summerpastures/sounds-swap/Sounds-swap/vendor/laravel/framework/src/Illuminate/Database/Connectors/Connector.php(65): PDO->__construct('mysql:host=127....', 'root', Object(SensitiveParameterValue), Array)
#1 /Users/josuesalazaku/Developer/BeCode/Summerpastures/sounds-swap/Sounds-swap/vendor/laravel/framework/src/Illuminate/Database/Connectors/Connector.php(44): Illuminate\\Database\\Connectors\\Connector->createPdoConnection('mysql:host=127....', 'root', '', Array)
#2 /Users/josuesalazaku/Developer/BeCode/Summerpastures/sounds-swap/Sounds-swap/vendor/laravel/framework/src/Illuminate/Database/Connectors/MySqlConnector.php(24): Illuminate\\Database\\Connectors\\Connector->createConnection('mysql:host=127....', Array, Array)
#3 /Users/josuesalazaku/Developer/BeCode/Summerpastures/sounds-swap/Sounds-swap/vendor/laravel/framework/src/Illuminate/Database/Connectors/ConnectionFactory.php(185): Illuminate\\Database\\Connectors\\MySqlConnector->connect(Array)
#4 [internal function]: Illuminate\\Database\\Connectors\\ConnectionFactory->Illuminate\\Database\\Connectors\\{closure}()
#5 /Users/josuesalazaku/Developer/BeCode/Summerpastures/sounds-swap/Sounds-swap/vendor/laravel/framework/src/Illuminate/Database/Connection.php(1219): call_user_func(Object(Closure))
#6 /Users/josuesalazaku/Developer/BeCode/Summerpastures/sounds-swap/Sounds-swap/vendor/laravel/framework/src/Illuminate/Database/Connection.php(1255): Illuminate\\Database\\Connection->getPdo()
#7 /Users/josuesalazaku/Developer/BeCode/Summerpastures/sounds-swap/Sounds-swap/vendor/laravel/framework/src/Illuminate/Database/Connection.php(512): Illuminate\\Database\\Connection->getReadPdo()
#8 /Users/josuesalazaku/Developer/BeCode/Summerpastures/sounds-swap/Sounds-swap/vendor/laravel/framework/src/Illuminate/Database/Connection.php(407): Illuminate\\Database\\Connection->getPdoForSelect(true)
#9 /Users/josuesalazaku/Developer/BeCode/Summerpastures/sounds-swap/Sounds-swap/vendor/laravel/framework/src/Illuminate/Database/Connection.php(800): Illuminate\\Database\\Connection->Illuminate\\Database\\{closure}('select * from `...', Array)
#10 /Users/josuesalazaku/Developer/BeCode/Summerpastures/sounds-swap/Sounds-swap/vendor/laravel/framework/src/Illuminate/Database/Connection.php(767): Illuminate\\Database\\Connection->runQueryCallback('select * from `...', Array, Object(Closure))
#11 /Users/josuesalazaku/Developer/BeCode/Summerpastures/sounds-swap/Sounds-swap/vendor/laravel/framework/src/Illuminate/Database/Connection.php(398): Illuminate\\Database\\Connection->run('select * from `...', Array, Object(Closure))
#12 /Users/josuesalazaku/Developer/BeCode/Summerpastures/sounds-swap/Sounds-swap/vendor/laravel/framework/src/Illuminate/Database/Query/Builder.php(2899): Illuminate\\Database\\Connection->select('select * from `...', Array, true)
#13 /Users/josuesalazaku/Developer/BeCode/Summerpastures/sounds-swap/Sounds-swap/vendor/laravel/framework/src/Illuminate/Database/Query/Builder.php(2884): Illuminate\\Database\\Query\\Builder->runSelect()
#14 /Users/josuesalazaku/Developer/BeCode/Summerpastures/sounds-swap/Sounds-swap/vendor/laravel/framework/src/Illuminate/Database/Query/Builder.php(3468): Illuminate\\Database\\Query\\Builder->Illuminate\\Database\\Query\\{closure}()
#15 /Users/josuesalazaku/Developer/BeCode/Summerpastures/sounds-swap/Sounds-swap/vendor/laravel/framework/src/Illuminate/Database/Query/Builder.php(2883): Illuminate\\Database\\Query\\Builder->onceWithColumns(Array, Object(Closure))
#16 /Users/josuesalazaku/Developer/BeCode/Summerpastures/sounds-swap/Sounds-swap/vendor/laravel/framework/src/Illuminate/Database/Concerns/BuildsQueries.php(333): Illuminate\\Database\\Query\\Builder->get(Array)
#17 /Users/josuesalazaku/Developer/BeCode/Summerpastures/sounds-swap/Sounds-swap/vendor/laravel/framework/src/Illuminate/Database/Query/Builder.php(2806): Illuminate\\Database\\Query\\Builder->first(Array)
#18 /Users/josuesalazaku/Developer/BeCode/Summerpastures/sounds-swap/Sounds-swap/vendor/laravel/framework/src/Illuminate/Session/DatabaseSessionHandler.php(97): Illuminate\\Database\\Query\\Builder->find('AKV1uJuy40HShGG...')
#19 /Users/josuesalazaku/Developer/BeCode/Summerpastures/sounds-swap/Sounds-swap/vendor/laravel/framework/src/Illuminate/Session/Store.php(113): Illuminate\\Session\\DatabaseSessionHandler->read('AKV1uJuy40HShGG...')
#20 /Users/josuesalazaku/Developer/BeCode/Summerpastures/sounds-swap/Sounds-swap/vendor/laravel/framework/src/Illuminate/Session/Store.php(101): Illuminate\\Session\\Store->readFromHandler()
#21 /Users/josuesalazaku/Developer/BeCode/Summerpastures/sounds-swap/Sounds-swap/vendor/laravel/framework/src/Illuminate/Session/Store.php(85): Illuminate\\Session\\Store->loadSession()
#22 /Users/josuesalazaku/Developer/BeCode/Summerpastures/sounds-swap/Sounds-swap/vendor/laravel/framework/src/Illuminate/Session/Middleware/StartSession.php(147): Illuminate\\Session\\Store->start()
#23 /Users/josuesalazaku/Developer/BeCode/Summerpastures/sounds-swap/Sounds-swap/vendor/laravel/framework/src/Illuminate/Support/helpers.php(345): Illuminate\\Session\\Middleware\\StartSession->Illuminate\\Session\\Middleware\\{closure}(Object(Illuminate\\Session\\Store))
#24 /Users/josuesalazaku/Developer/BeCode/Summerpastures/sounds-swap/Sounds-swap/vendor/laravel/framework/src/Illuminate/Session/Middleware/StartSession.php(144): tap(Object(Illuminate\\Session\\Store), Object(Closure))
#25 /Users/josuesalazaku/Developer/BeCode/Summerpastures/sounds-swap/Sounds-swap/vendor/laravel/framework/src/Illuminate/Session/Middleware/StartSession.php(116): Illuminate\\Session\\Middleware\\StartSession->startSession(Object(Illuminate\\Http\\Request), Object(Illuminate\\Session\\Store))
#26 /Users/josuesalazaku/Developer/BeCode/Summerpastures/sounds-swap/Sounds-swap/vendor/laravel/framework/src/Illuminate/Session/Middleware/StartSession.php(64): Illuminate\\Session\\Middleware\\StartSession->handleStatefulRequest(Object(Illuminate\\Http\\Request), Object(Illuminate\\Session\\Store), Object(Closure))
#27 /Users/josuesalazaku/Developer/BeCode/Summerpastures/sounds-swap/Sounds-swap/vendor/laravel/framework/src/Illuminate/Pipeline/Pipeline.php(183): Illuminate\\Session\\Middleware\\StartSession->handle(Object(Illuminate\\Http\\Request), Object(Closure))
#28 /Users/josuesalazaku/Developer/BeCode/Summerpastures/sounds-swap/Sounds-swap/vendor/laravel/framework/src/Illuminate/Cookie/Middleware/AddQueuedCookiesToResponse.php(37): Illuminate\\Pipeline\\Pipeline->Illuminate\\Pipeline\\{closure}(Object(Illuminate\\Http\\Request))
#29 /Users/josuesalazaku/Developer/BeCode/Summerpastures/sounds-swap/Sounds-swap/vendor/laravel/framework/src/Illuminate/Pipeline/Pipeline.php(183): Illuminate\\Cookie\\Middleware\\AddQueuedCookiesToResponse->handle(Object(Illuminate\\Http\\Request), Object(Closure))
#30 /Users/josuesalazaku/Developer/BeCode/Summerpastures/sounds-swap/Sounds-swap/vendor/laravel/framework/src/Illuminate/Cookie/Middleware/EncryptCookies.php(75): Illuminate\\Pipeline\\Pipeline->Illuminate\\Pipeline\\{closure}(Object(Illuminate\\Http\\Request))
#31 /Users/josuesalazaku/Developer/BeCode/Summerpastures/sounds-swap/Sounds-swap/vendor/laravel/framework/src/Illuminate/Pipeline/Pipeline.php(183): Illuminate\\Cookie\\Middleware\\EncryptCookies->handle(Object(Illuminate\\Http\\Request), Object(Closure))
#32 /Users/josuesalazaku/Developer/BeCode/Summerpastures/sounds-swap/Sounds-swap/vendor/laravel/framework/src/Illuminate/Pipeline/Pipeline.php(119): Illuminate\\Pipeline\\Pipeline->Illuminate\\Pipeline\\{closure}(Object(Illuminate\\Http\\Request))
#33 /Users/josuesalazaku/Developer/BeCode/Summerpastures/sounds-swap/Sounds-swap/vendor/laravel/framework/src/Illuminate/Routing/Router.php(805): Illuminate\\Pipeline\\Pipeline->then(Object(Closure))
#34 /Users/josuesalazaku/Developer/BeCode/Summerpastures/sounds-swap/Sounds-swap/vendor/laravel/framework/src/Illuminate/Routing/Router.php(784): Illuminate\\Routing\\Router->runRouteWithinStack(Object(Illuminate\\Routing\\Route), Object(Illuminate\\Http\\Request))
#35 /Users/josuesalazaku/Developer/BeCode/Summerpastures/sounds-swap/Sounds-swap/vendor/laravel/framework/src/Illuminate/Routing/Router.php(748): Illuminate\\Routing\\Router->runRoute(Object(Illuminate\\Http\\Request), Object(Illuminate\\Routing\\Route))
#36 /Users/josuesalazaku/Developer/BeCode/Summerpastures/sounds-swap/Sounds-swap/vendor/laravel/framework/src/Illuminate/Routing/Router.php(737): Illuminate\\Routing\\Router->dispatchToRoute(Object(Illuminate\\Http\\Request))
#37 /Users/josuesalazaku/Developer/BeCode/Summerpastures/sounds-swap/Sounds-swap/vendor/laravel/framework/src/Illuminate/Foundation/Http/Kernel.php(200): Illuminate\\Routing\\Router->dispatch(Object(Illuminate\\Http\\Request))
#38 /Users/josuesalazaku/Developer/BeCode/Summerpastures/sounds-swap/Sounds-swap/vendor/laravel/framework/src/Illuminate/Pipeline/Pipeline.php(144): Illuminate\\Foundation\\Http\\Kernel->Illuminate\\Foundation\\Http\\{closure}(Object(Illuminate\\Http\\Request))
#39 /Users/josuesalazaku/Developer/BeCode/Summerpastures/sounds-swap/Sounds-swap/vendor/laravel/framework/src/Illuminate/Foundation/Http/Middleware/TransformsRequest.php(21): Illuminate\\Pipeline\\Pipeline->Illuminate\\Pipeline\\{closure}(Object(Illuminate\\Http\\Request))
#40 /Users/josuesalazaku/Developer/BeCode/Summerpastures/sounds-swap/Sounds-swap/vendor/laravel/framework/src/Illuminate/Foundation/Http/Middleware/ConvertEmptyStringsToNull.php(31): Illuminate\\Foundation\\Http\\Middleware\\TransformsRequest->handle(Object(Illuminate\\Http\\Request), Object(Closure))
#41 /Users/josuesalazaku/Developer/BeCode/Summerpastures/sounds-swap/Sounds-swap/vendor/laravel/framework/src/Illuminate/Pipeline/Pipeline.php(183): Illuminate\\Foundation\\Http\\Middleware\\ConvertEmptyStringsToNull->handle(Object(Illuminate\\Http\\Request), Object(Closure))
#42 /Users/josuesalazaku/Developer/BeCode/Summerpastures/sounds-swap/Sounds-swap/vendor/laravel/framework/src/Illuminate/Foundation/Http/Middleware/TransformsRequest.php(21): Illuminate\\Pipeline\\Pipeline->Illuminate\\Pipeline\\{closure}(Object(Illuminate\\Http\\Request))
#43 /Users/josuesalazaku/Developer/BeCode/Summerpastures/sounds-swap/Sounds-swap/vendor/laravel/framework/src/Illuminate/Foundation/Http/Middleware/TrimStrings.php(50): Illuminate\\Foundation\\Http\\Middleware\\TransformsRequest->handle(Object(Illuminate\\Http\\Request), Object(Closure))
#44 /Users/josuesalazaku/Developer/BeCode/Summerpastures/sounds-swap/Sounds-swap/vendor/laravel/framework/src/Illuminate/Pipeline/Pipeline.php(183): Illuminate\\Foundation\\Http\\Middleware\\TrimStrings->handle(Object(Illuminate\\Http\\Request), Object(Closure))
#45 /Users/josuesalazaku/Developer/BeCode/Summerpastures/sounds-swap/Sounds-swap/vendor/laravel/framework/src/Illuminate/Http/Middleware/ValidatePostSize.php(27): Illuminate\\Pipeline\\Pipeline->Illuminate\\Pipeline\\{closure}(Object(Illuminate\\Http\\Request))
#46 /Users/josuesalazaku/Developer/BeCode/Summerpastures/sounds-swap/Sounds-swap/vendor/laravel/framework/src/Illuminate/Pipeline/Pipeline.php(183): Illuminate\\Http\\Middleware\\ValidatePostSize->handle(Object(Illuminate\\Http\\Request), Object(Closure))
#47 /Users/josuesalazaku/Developer/BeCode/Summerpastures/sounds-swap/Sounds-swap/vendor/laravel/framework/src/Illuminate/Foundation/Http/Middleware/PreventRequestsDuringMaintenance.php(103): Illuminate\\Pipeline\\Pipeline->Illuminate\\Pipeline\\{closure}(Object(Illuminate\\Http\\Request))
#48 /Users/josuesalazaku/Developer/BeCode/Summerpastures/sounds-swap/Sounds-swap/vendor/laravel/framework/src/Illuminate/Pipeline/Pipeline.php(183): Illuminate\\Foundation\\Http\\Middleware\\PreventRequestsDuringMaintenance->handle(Object(Illuminate\\Http\\Request), Object(Closure))
#49 /Users/josuesalazaku/Developer/BeCode/Summerpastures/sounds-swap/Sounds-swap/vendor/laravel/framework/src/Illuminate/Http/Middleware/HandleCors.php(49): Illuminate\\Pipeline\\Pipeline->Illuminate\\Pipeline\\{closure}(Object(Illuminate\\Http\\Request))
#50 /Users/josuesalazaku/Developer/BeCode/Summerpastures/sounds-swap/Sounds-swap/vendor/laravel/framework/src/Illuminate/Pipeline/Pipeline.php(183): Illuminate\\Http\\Middleware\\HandleCors->handle(Object(Illuminate\\Http\\Request), Object(Closure))
#51 /Users/josuesalazaku/Developer/BeCode/Summerpastures/sounds-swap/Sounds-swap/vendor/laravel/framework/src/Illuminate/Http/Middleware/TrustProxies.php(57): Illuminate\\Pipeline\\Pipeline->Illuminate\\Pipeline\\{closure}(Object(Illuminate\\Http\\Request))
#52 /Users/josuesalazaku/Developer/BeCode/Summerpastures/sounds-swap/Sounds-swap/vendor/laravel/framework/src/Illuminate/Pipeline/Pipeline.php(183): Illuminate\\Http\\Middleware\\TrustProxies->handle(Object(Illuminate\\Http\\Request), Object(Closure))
#53 /Users/josuesalazaku/Developer/BeCode/Summerpastures/sounds-swap/Sounds-swap/vendor/laravel/framework/src/Illuminate/Pipeline/Pipeline.php(119): Illuminate\\Pipeline\\Pipeline->Illuminate\\Pipeline\\{closure}(Object(Illuminate\\Http\\Request))
#54 /Users/josuesalazaku/Developer/BeCode/Summerpastures/sounds-swap/Sounds-swap/vendor/laravel/framework/src/Illuminate/Foundation/Http/Kernel.php(175): Illuminate\\Pipeline\\Pipeline->then(Object(Closure))
#55 /Users/josuesalazaku/Developer/BeCode/Summerpastures/sounds-swap/Sounds-swap/vendor/laravel/framework/src/Illuminate/Foundation/Http/Kernel.php(144): Illuminate\\Foundation\\Http\\Kernel->sendRequestThroughRouter(Object(Illuminate\\Http\\Request))
#56 /Users/josuesalazaku/Developer/BeCode/Summerpastures/sounds-swap/Sounds-swap/vendor/laravel/framework/src/Illuminate/Foundation/Application.php(1168): Illuminate\\Foundation\\Http\\Kernel->handle(Object(Illuminate\\Http\\Request))
#57 /Users/josuesalazaku/Developer/BeCode/Summerpastures/sounds-swap/Sounds-swap/public/index.php(17): Illuminate\\Foundation\\Application->handleRequest(Object(Illuminate\\Http\\Request))
#58 /Users/josuesalazaku/Developer/BeCode/Summerpastures/sounds-swap/Sounds-swap/vendor/laravel/framework/src/Illuminate/Foundation/resources/server.php(16): require_once('/Users/josuesal...')
#59 {main}
"} 
[2024-03-13 15:13:08] local.ERROR: SQLSTATE[HY000] [1049] Unknown database 'sounds_swap' (Connection: mysql, SQL: select * from `sessions` where `id` = yOBX4pQsGGMpI7tRe4V3gCPpst7grGY19UlIgIi0 limit 1) {"exception":"[object] (Illuminate\\Database\\QueryException(code: 1049): SQLSTATE[HY000] [1049] Unknown database 'sounds_swap' (Connection: mysql, SQL: select * from `sessions` where `id` = yOBX4pQsGGMpI7tRe4V3gCPpst7grGY19UlIgIi0 limit 1) at /Users/josuesalazaku/Developer/BeCode/Summerpastures/sounds-swap/Sounds-swap/vendor/laravel/framework/src/Illuminate/Database/Connection.php:813)
[stacktrace]
#0 /Users/josuesalazaku/Developer/BeCode/Summerpastures/sounds-swap/Sounds-swap/vendor/laravel/framework/src/Illuminate/Database/Connection.php(767): Illuminate\\Database\\Connection->runQueryCallback('select * from `...', Array, Object(Closure))
#1 /Users/josuesalazaku/Developer/BeCode/Summerpastures/sounds-swap/Sounds-swap/vendor/laravel/framework/src/Illuminate/Database/Connection.php(398): Illuminate\\Database\\Connection->run('select * from `...', Array, Object(Closure))
#2 /Users/josuesalazaku/Developer/BeCode/Summerpastures/sounds-swap/Sounds-swap/vendor/laravel/framework/src/Illuminate/Database/Query/Builder.php(2899): Illuminate\\Database\\Connection->select('select * from `...', Array, true)
#3 /Users/josuesalazaku/Developer/BeCode/Summerpastures/sounds-swap/Sounds-swap/vendor/laravel/framework/src/Illuminate/Database/Query/Builder.php(2884): Illuminate\\Database\\Query\\Builder->runSelect()
#4 /Users/josuesalazaku/Developer/BeCode/Summerpastures/sounds-swap/Sounds-swap/vendor/laravel/framework/src/Illuminate/Database/Query/Builder.php(3468): Illuminate\\Database\\Query\\Builder->Illuminate\\Database\\Query\\{closure}()
#5 /Users/josuesalazaku/Developer/BeCode/Summerpastures/sounds-swap/Sounds-swap/vendor/laravel/framework/src/Illuminate/Database/Query/Builder.php(2883): Illuminate\\Database\\Query\\Builder->onceWithColumns(Array, Object(Closure))
#6 /Users/josuesalazaku/Developer/BeCode/Summerpastures/sounds-swap/Sounds-swap/vendor/laravel/framework/src/Illuminate/Database/Concerns/BuildsQueries.php(333): Illuminate\\Database\\Query\\Builder->get(Array)
#7 /Users/josuesalazaku/Developer/BeCode/Summerpastures/sounds-swap/Sounds-swap/vendor/laravel/framework/src/Illuminate/Database/Query/Builder.php(2806): Illuminate\\Database\\Query\\Builder->first(Array)
#8 /Users/josuesalazaku/Developer/BeCode/Summerpastures/sounds-swap/Sounds-swap/vendor/laravel/framework/src/Illuminate/Session/DatabaseSessionHandler.php(97): Illuminate\\Database\\Query\\Builder->find('yOBX4pQsGGMpI7t...')
#9 /Users/josuesalazaku/Developer/BeCode/Summerpastures/sounds-swap/Sounds-swap/vendor/laravel/framework/src/Illuminate/Session/Store.php(113): Illuminate\\Session\\DatabaseSessionHandler->read('yOBX4pQsGGMpI7t...')
#10 /Users/josuesalazaku/Developer/BeCode/Summerpastures/sounds-swap/Sounds-swap/vendor/laravel/framework/src/Illuminate/Session/Store.php(101): Illuminate\\Session\\Store->readFromHandler()
#11 /Users/josuesalazaku/Developer/BeCode/Summerpastures/sounds-swap/Sounds-swap/vendor/laravel/framework/src/Illuminate/Session/Store.php(85): Illuminate\\Session\\Store->loadSession()
#12 /Users/josuesalazaku/Developer/BeCode/Summerpastures/sounds-swap/Sounds-swap/vendor/laravel/framework/src/Illuminate/Session/Middleware/StartSession.php(147): Illuminate\\Session\\Store->start()
#13 /Users/josuesalazaku/Developer/BeCode/Summerpastures/sounds-swap/Sounds-swap/vendor/laravel/framework/src/Illuminate/Support/helpers.php(345): Illuminate\\Session\\Middleware\\StartSession->Illuminate\\Session\\Middleware\\{closure}(Object(Illuminate\\Session\\Store))
#14 /Users/josuesalazaku/Developer/BeCode/Summerpastures/sounds-swap/Sounds-swap/vendor/laravel/framework/src/Illuminate/Session/Middleware/StartSession.php(144): tap(Object(Illuminate\\Session\\Store), Object(Closure))
#15 /Users/josuesalazaku/Developer/BeCode/Summerpastures/sounds-swap/Sounds-swap/vendor/laravel/framework/src/Illuminate/Session/Middleware/StartSession.php(116): Illuminate\\Session\\Middleware\\StartSession->startSession(Object(Illuminate\\Http\\Request), Object(Illuminate\\Session\\Store))
#16 /Users/josuesalazaku/Developer/BeCode/Summerpastures/sounds-swap/Sounds-swap/vendor/laravel/framework/src/Illuminate/Session/Middleware/StartSession.php(64): Illuminate\\Session\\Middleware\\StartSession->handleStatefulRequest(Object(Illuminate\\Http\\Request), Object(Illuminate\\Session\\Store), Object(Closure))
#17 /Users/josuesalazaku/Developer/BeCode/Summerpastures/sounds-swap/Sounds-swap/vendor/laravel/framework/src/Illuminate/Pipeline/Pipeline.php(183): Illuminate\\Session\\Middleware\\StartSession->handle(Object(Illuminate\\Http\\Request), Object(Closure))
#18 /Users/josuesalazaku/Developer/BeCode/Summerpastures/sounds-swap/Sounds-swap/vendor/laravel/framework/src/Illuminate/Cookie/Middleware/AddQueuedCookiesToResponse.php(37): Illuminate\\Pipeline\\Pipeline->Illuminate\\Pipeline\\{closure}(Object(Illuminate\\Http\\Request))
#19 /Users/josuesalazaku/Developer/BeCode/Summerpastures/sounds-swap/Sounds-swap/vendor/laravel/framework/src/Illuminate/Pipeline/Pipeline.php(183): Illuminate\\Cookie\\Middleware\\AddQueuedCookiesToResponse->handle(Object(Illuminate\\Http\\Request), Object(Closure))
#20 /Users/josuesalazaku/Developer/BeCode/Summerpastures/sounds-swap/Sounds-swap/vendor/laravel/framework/src/Illuminate/Cookie/Middleware/EncryptCookies.php(75): Illuminate\\Pipeline\\Pipeline->Illuminate\\Pipeline\\{closure}(Object(Illuminate\\Http\\Request))
#21 /Users/josuesalazaku/Developer/BeCode/Summerpastures/sounds-swap/Sounds-swap/vendor/laravel/framework/src/Illuminate/Pipeline/Pipeline.php(183): Illuminate\\Cookie\\Middleware\\EncryptCookies->handle(Object(Illuminate\\Http\\Request), Object(Closure))
#22 /Users/josuesalazaku/Developer/BeCode/Summerpastures/sounds-swap/Sounds-swap/vendor/laravel/framework/src/Illuminate/Pipeline/Pipeline.php(119): Illuminate\\Pipeline\\Pipeline->Illuminate\\Pipeline\\{closure}(Object(Illuminate\\Http\\Request))
#23 /Users/josuesalazaku/Developer/BeCode/Summerpastures/sounds-swap/Sounds-swap/vendor/laravel/framework/src/Illuminate/Routing/Router.php(805): Illuminate\\Pipeline\\Pipeline->then(Object(Closure))
#24 /Users/josuesalazaku/Developer/BeCode/Summerpastures/sounds-swap/Sounds-swap/vendor/laravel/framework/src/Illuminate/Routing/Router.php(784): Illuminate\\Routing\\Router->runRouteWithinStack(Object(Illuminate\\Routing\\Route), Object(Illuminate\\Http\\Request))
#25 /Users/josuesalazaku/Developer/BeCode/Summerpastures/sounds-swap/Sounds-swap/vendor/laravel/framework/src/Illuminate/Routing/Router.php(748): Illuminate\\Routing\\Router->runRoute(Object(Illuminate\\Http\\Request), Object(Illuminate\\Routing\\Route))
#26 /Users/josuesalazaku/Developer/BeCode/Summerpastures/sounds-swap/Sounds-swap/vendor/laravel/framework/src/Illuminate/Routing/Router.php(737): Illuminate\\Routing\\Router->dispatchToRoute(Object(Illuminate\\Http\\Request))
#27 /Users/josuesalazaku/Developer/BeCode/Summerpastures/sounds-swap/Sounds-swap/vendor/laravel/framework/src/Illuminate/Foundation/Http/Kernel.php(200): Illuminate\\Routing\\Router->dispatch(Object(Illuminate\\Http\\Request))
#28 /Users/josuesalazaku/Developer/BeCode/Summerpastures/sounds-swap/Sounds-swap/vendor/laravel/framework/src/Illuminate/Pipeline/Pipeline.php(144): Illuminate\\Foundation\\Http\\Kernel->Illuminate\\Foundation\\Http\\{closure}(Object(Illuminate\\Http\\Request))
#29 /Users/josuesalazaku/Developer/BeCode/Summerpastures/sounds-swap/Sounds-swap/vendor/laravel/framework/src/Illuminate/Foundation/Http/Middleware/TransformsRequest.php(21): Illuminate\\Pipeline\\Pipeline->Illuminate\\Pipeline\\{closure}(Object(Illuminate\\Http\\Request))
#30 /Users/josuesalazaku/Developer/BeCode/Summerpastures/sounds-swap/Sounds-swap/vendor/laravel/framework/src/Illuminate/Foundation/Http/Middleware/ConvertEmptyStringsToNull.php(31): Illuminate\\Foundation\\Http\\Middleware\\TransformsRequest->handle(Object(Illuminate\\Http\\Request), Object(Closure))
#31 /Users/josuesalazaku/Developer/BeCode/Summerpastures/sounds-swap/Sounds-swap/vendor/laravel/framework/src/Illuminate/Pipeline/Pipeline.php(183): Illuminate\\Foundation\\Http\\Middleware\\ConvertEmptyStringsToNull->handle(Object(Illuminate\\Http\\Request), Object(Closure))
#32 /Users/josuesalazaku/Developer/BeCode/Summerpastures/sounds-swap/Sounds-swap/vendor/laravel/framework/src/Illuminate/Foundation/Http/Middleware/TransformsRequest.php(21): Illuminate\\Pipeline\\Pipeline->Illuminate\\Pipeline\\{closure}(Object(Illuminate\\Http\\Request))
#33 /Users/josuesalazaku/Developer/BeCode/Summerpastures/sounds-swap/Sounds-swap/vendor/laravel/framework/src/Illuminate/Foundation/Http/Middleware/TrimStrings.php(50): Illuminate\\Foundation\\Http\\Middleware\\TransformsRequest->handle(Object(Illuminate\\Http\\Request), Object(Closure))
#34 /Users/josuesalazaku/Developer/BeCode/Summerpastures/sounds-swap/Sounds-swap/vendor/laravel/framework/src/Illuminate/Pipeline/Pipeline.php(183): Illuminate\\Foundation\\Http\\Middleware\\TrimStrings->handle(Object(Illuminate\\Http\\Request), Object(Closure))
#35 /Users/josuesalazaku/Developer/BeCode/Summerpastures/sounds-swap/Sounds-swap/vendor/laravel/framework/src/Illuminate/Http/Middleware/ValidatePostSize.php(27): Illuminate\\Pipeline\\Pipeline->Illuminate\\Pipeline\\{closure}(Object(Illuminate\\Http\\Request))
#36 /Users/josuesalazaku/Developer/BeCode/Summerpastures/sounds-swap/Sounds-swap/vendor/laravel/framework/src/Illuminate/Pipeline/Pipeline.php(183): Illuminate\\Http\\Middleware\\ValidatePostSize->handle(Object(Illuminate\\Http\\Request), Object(Closure))
#37 /Users/josuesalazaku/Developer/BeCode/Summerpastures/sounds-swap/Sounds-swap/vendor/laravel/framework/src/Illuminate/Foundation/Http/Middleware/PreventRequestsDuringMaintenance.php(103): Illuminate\\Pipeline\\Pipeline->Illuminate\\Pipeline\\{closure}(Object(Illuminate\\Http\\Request))
#38 /Users/josuesalazaku/Developer/BeCode/Summerpastures/sounds-swap/Sounds-swap/vendor/laravel/framework/src/Illuminate/Pipeline/Pipeline.php(183): Illuminate\\Foundation\\Http\\Middleware\\PreventRequestsDuringMaintenance->handle(Object(Illuminate\\Http\\Request), Object(Closure))
#39 /Users/josuesalazaku/Developer/BeCode/Summerpastures/sounds-swap/Sounds-swap/vendor/laravel/framework/src/Illuminate/Http/Middleware/HandleCors.php(49): Illuminate\\Pipeline\\Pipeline->Illuminate\\Pipeline\\{closure}(Object(Illuminate\\Http\\Request))
#40 /Users/josuesalazaku/Developer/BeCode/Summerpastures/sounds-swap/Sounds-swap/vendor/laravel/framework/src/Illuminate/Pipeline/Pipeline.php(183): Illuminate\\Http\\Middleware\\HandleCors->handle(Object(Illuminate\\Http\\Request), Object(Closure))
#41 /Users/josuesalazaku/Developer/BeCode/Summerpastures/sounds-swap/Sounds-swap/vendor/laravel/framework/src/Illuminate/Http/Middleware/TrustProxies.php(57): Illuminate\\Pipeline\\Pipeline->Illuminate\\Pipeline\\{closure}(Object(Illuminate\\Http\\Request))
#42 /Users/josuesalazaku/Developer/BeCode/Summerpastures/sounds-swap/Sounds-swap/vendor/laravel/framework/src/Illuminate/Pipeline/Pipeline.php(183): Illuminate\\Http\\Middleware\\TrustProxies->handle(Object(Illuminate\\Http\\Request), Object(Closure))
#43 /Users/josuesalazaku/Developer/BeCode/Summerpastures/sounds-swap/Sounds-swap/vendor/laravel/framework/src/Illuminate/Pipeline/Pipeline.php(119): Illuminate\\Pipeline\\Pipeline->Illuminate\\Pipeline\\{closure}(Object(Illuminate\\Http\\Request))
#44 /Users/josuesalazaku/Developer/BeCode/Summerpastures/sounds-swap/Sounds-swap/vendor/laravel/framework/src/Illuminate/Foundation/Http/Kernel.php(175): Illuminate\\Pipeline\\Pipeline->then(Object(Closure))
#45 /Users/josuesalazaku/Developer/BeCode/Summerpastures/sounds-swap/Sounds-swap/vendor/laravel/framework/src/Illuminate/Foundation/Http/Kernel.php(144): Illuminate\\Foundation\\Http\\Kernel->sendRequestThroughRouter(Object(Illuminate\\Http\\Request))
#46 /Users/josuesalazaku/Developer/BeCode/Summerpastures/sounds-swap/Sounds-swap/vendor/laravel/framework/src/Illuminate/Foundation/Application.php(1168): Illuminate\\Foundation\\Http\\Kernel->handle(Object(Illuminate\\Http\\Request))
#47 /Users/josuesalazaku/Developer/BeCode/Summerpastures/sounds-swap/Sounds-swap/public/index.php(17): Illuminate\\Foundation\\Application->handleRequest(Object(Illuminate\\Http\\Request))
#48 /Users/josuesalazaku/Developer/BeCode/Summerpastures/sounds-swap/Sounds-swap/vendor/laravel/framework/src/Illuminate/Foundation/resources/server.php(16): require_once('/Users/josuesal...')
#49 {main}

[previous exception] [object] (PDOException(code: 1049): SQLSTATE[HY000] [1049] Unknown database 'sounds_swap' at /Users/josuesalazaku/Developer/BeCode/Summerpastures/sounds-swap/Sounds-swap/vendor/laravel/framework/src/Illuminate/Database/Connectors/Connector.php:65)
[stacktrace]
#0 /Users/josuesalazaku/Developer/BeCode/Summerpastures/sounds-swap/Sounds-swap/vendor/laravel/framework/src/Illuminate/Database/Connectors/Connector.php(65): PDO->__construct('mysql:host=127....', 'root', Object(SensitiveParameterValue), Array)
#1 /Users/josuesalazaku/Developer/BeCode/Summerpastures/sounds-swap/Sounds-swap/vendor/laravel/framework/src/Illuminate/Database/Connectors/Connector.php(44): Illuminate\\Database\\Connectors\\Connector->createPdoConnection('mysql:host=127....', 'root', 'josuesalazaku', Array)
#2 /Users/josuesalazaku/Developer/BeCode/Summerpastures/sounds-swap/Sounds-swap/vendor/laravel/framework/src/Illuminate/Database/Connectors/MySqlConnector.php(24): Illuminate\\Database\\Connectors\\Connector->createConnection('mysql:host=127....', Array, Array)
#3 /Users/josuesalazaku/Developer/BeCode/Summerpastures/sounds-swap/Sounds-swap/vendor/laravel/framework/src/Illuminate/Database/Connectors/ConnectionFactory.php(185): Illuminate\\Database\\Connectors\\MySqlConnector->connect(Array)
#4 [internal function]: Illuminate\\Database\\Connectors\\ConnectionFactory->Illuminate\\Database\\Connectors\\{closure}()
#5 /Users/josuesalazaku/Developer/BeCode/Summerpastures/sounds-swap/Sounds-swap/vendor/laravel/framework/src/Illuminate/Database/Connection.php(1219): call_user_func(Object(Closure))
#6 /Users/josuesalazaku/Developer/BeCode/Summerpastures/sounds-swap/Sounds-swap/vendor/laravel/framework/src/Illuminate/Database/Connection.php(1255): Illuminate\\Database\\Connection->getPdo()
#7 /Users/josuesalazaku/Developer/BeCode/Summerpastures/sounds-swap/Sounds-swap/vendor/laravel/framework/src/Illuminate/Database/Connection.php(512): Illuminate\\Database\\Connection->getReadPdo()
#8 /Users/josuesalazaku/Developer/BeCode/Summerpastures/sounds-swap/Sounds-swap/vendor/laravel/framework/src/Illuminate/Database/Connection.php(407): Illuminate\\Database\\Connection->getPdoForSelect(true)
#9 /Users/josuesalazaku/Developer/BeCode/Summerpastures/sounds-swap/Sounds-swap/vendor/laravel/framework/src/Illuminate/Database/Connection.php(800): Illuminate\\Database\\Connection->Illuminate\\Database\\{closure}('select * from `...', Array)
#10 /Users/josuesalazaku/Developer/BeCode/Summerpastures/sounds-swap/Sounds-swap/vendor/laravel/framework/src/Illuminate/Database/Connection.php(767): Illuminate\\Database\\Connection->runQueryCallback('select * from `...', Array, Object(Closure))
#11 /Users/josuesalazaku/Developer/BeCode/Summerpastures/sounds-swap/Sounds-swap/vendor/laravel/framework/src/Illuminate/Database/Connection.php(398): Illuminate\\Database\\Connection->run('select * from `...', Array, Object(Closure))
#12 /Users/josuesalazaku/Developer/BeCode/Summerpastures/sounds-swap/Sounds-swap/vendor/laravel/framework/src/Illuminate/Database/Query/Builder.php(2899): Illuminate\\Database\\Connection->select('select * from `...', Array, true)
#13 /Users/josuesalazaku/Developer/BeCode/Summerpastures/sounds-swap/Sounds-swap/vendor/laravel/framework/src/Illuminate/Database/Query/Builder.php(2884): Illuminate\\Database\\Query\\Builder->runSelect()
#14 /Users/josuesalazaku/Developer/BeCode/Summerpastures/sounds-swap/Sounds-swap/vendor/laravel/framework/src/Illuminate/Database/Query/Builder.php(3468): Illuminate\\Database\\Query\\Builder->Illuminate\\Database\\Query\\{closure}()
#15 /Users/josuesalazaku/Developer/BeCode/Summerpastures/sounds-swap/Sounds-swap/vendor/laravel/framework/src/Illuminate/Database/Query/Builder.php(2883): Illuminate\\Database\\Query\\Builder->onceWithColumns(Array, Object(Closure))
#16 /Users/josuesalazaku/Developer/BeCode/Summerpastures/sounds-swap/Sounds-swap/vendor/laravel/framework/src/Illuminate/Database/Concerns/BuildsQueries.php(333): Illuminate\\Database\\Query\\Builder->get(Array)
#17 /Users/josuesalazaku/Developer/BeCode/Summerpastures/sounds-swap/Sounds-swap/vendor/laravel/framework/src/Illuminate/Database/Query/Builder.php(2806): Illuminate\\Database\\Query\\Builder->first(Array)
#18 /Users/josuesalazaku/Developer/BeCode/Summerpastures/sounds-swap/Sounds-swap/vendor/laravel/framework/src/Illuminate/Session/DatabaseSessionHandler.php(97): Illuminate\\Database\\Query\\Builder->find('yOBX4pQsGGMpI7t...')
#19 /Users/josuesalazaku/Developer/BeCode/Summerpastures/sounds-swap/Sounds-swap/vendor/laravel/framework/src/Illuminate/Session/Store.php(113): Illuminate\\Session\\DatabaseSessionHandler->read('yOBX4pQsGGMpI7t...')
#20 /Users/josuesalazaku/Developer/BeCode/Summerpastures/sounds-swap/Sounds-swap/vendor/laravel/framework/src/Illuminate/Session/Store.php(101): Illuminate\\Session\\Store->readFromHandler()
#21 /Users/josuesalazaku/Developer/BeCode/Summerpastures/sounds-swap/Sounds-swap/vendor/laravel/framework/src/Illuminate/Session/Store.php(85): Illuminate\\Session\\Store->loadSession()
#22 /Users/josuesalazaku/Developer/BeCode/Summerpastures/sounds-swap/Sounds-swap/vendor/laravel/framework/src/Illuminate/Session/Middleware/StartSession.php(147): Illuminate\\Session\\Store->start()
#23 /Users/josuesalazaku/Developer/BeCode/Summerpastures/sounds-swap/Sounds-swap/vendor/laravel/framework/src/Illuminate/Support/helpers.php(345): Illuminate\\Session\\Middleware\\StartSession->Illuminate\\Session\\Middleware\\{closure}(Object(Illuminate\\Session\\Store))
#24 /Users/josuesalazaku/Developer/BeCode/Summerpastures/sounds-swap/Sounds-swap/vendor/laravel/framework/src/Illuminate/Session/Middleware/StartSession.php(144): tap(Object(Illuminate\\Session\\Store), Object(Closure))
#25 /Users/josuesalazaku/Developer/BeCode/Summerpastures/sounds-swap/Sounds-swap/vendor/laravel/framework/src/Illuminate/Session/Middleware/StartSession.php(116): Illuminate\\Session\\Middleware\\StartSession->startSession(Object(Illuminate\\Http\\Request), Object(Illuminate\\Session\\Store))
#26 /Users/josuesalazaku/Developer/BeCode/Summerpastures/sounds-swap/Sounds-swap/vendor/laravel/framework/src/Illuminate/Session/Middleware/StartSession.php(64): Illuminate\\Session\\Middleware\\StartSession->handleStatefulRequest(Object(Illuminate\\Http\\Request), Object(Illuminate\\Session\\Store), Object(Closure))
#27 /Users/josuesalazaku/Developer/BeCode/Summerpastures/sounds-swap/Sounds-swap/vendor/laravel/framework/src/Illuminate/Pipeline/Pipeline.php(183): Illuminate\\Session\\Middleware\\StartSession->handle(Object(Illuminate\\Http\\Request), Object(Closure))
#28 /Users/josuesalazaku/Developer/BeCode/Summerpastures/sounds-swap/Sounds-swap/vendor/laravel/framework/src/Illuminate/Cookie/Middleware/AddQueuedCookiesToResponse.php(37): Illuminate\\Pipeline\\Pipeline->Illuminate\\Pipeline\\{closure}(Object(Illuminate\\Http\\Request))
#29 /Users/josuesalazaku/Developer/BeCode/Summerpastures/sounds-swap/Sounds-swap/vendor/laravel/framework/src/Illuminate/Pipeline/Pipeline.php(183): Illuminate\\Cookie\\Middleware\\AddQueuedCookiesToResponse->handle(Object(Illuminate\\Http\\Request), Object(Closure))
#30 /Users/josuesalazaku/Developer/BeCode/Summerpastures/sounds-swap/Sounds-swap/vendor/laravel/framework/src/Illuminate/Cookie/Middleware/EncryptCookies.php(75): Illuminate\\Pipeline\\Pipeline->Illuminate\\Pipeline\\{closure}(Object(Illuminate\\Http\\Request))
#31 /Users/josuesalazaku/Developer/BeCode/Summerpastures/sounds-swap/Sounds-swap/vendor/laravel/framework/src/Illuminate/Pipeline/Pipeline.php(183): Illuminate\\Cookie\\Middleware\\EncryptCookies->handle(Object(Illuminate\\Http\\Request), Object(Closure))
#32 /Users/josuesalazaku/Developer/BeCode/Summerpastures/sounds-swap/Sounds-swap/vendor/laravel/framework/src/Illuminate/Pipeline/Pipeline.php(119): Illuminate\\Pipeline\\Pipeline->Illuminate\\Pipeline\\{closure}(Object(Illuminate\\Http\\Request))
#33 /Users/josuesalazaku/Developer/BeCode/Summerpastures/sounds-swap/Sounds-swap/vendor/laravel/framework/src/Illuminate/Routing/Router.php(805): Illuminate\\Pipeline\\Pipeline->then(Object(Closure))
#34 /Users/josuesalazaku/Developer/BeCode/Summerpastures/sounds-swap/Sounds-swap/vendor/laravel/framework/src/Illuminate/Routing/Router.php(784): Illuminate\\Routing\\Router->runRouteWithinStack(Object(Illuminate\\Routing\\Route), Object(Illuminate\\Http\\Request))
#35 /Users/josuesalazaku/Developer/BeCode/Summerpastures/sounds-swap/Sounds-swap/vendor/laravel/framework/src/Illuminate/Routing/Router.php(748): Illuminate\\Routing\\Router->runRoute(Object(Illuminate\\Http\\Request), Object(Illuminate\\Routing\\Route))
#36 /Users/josuesalazaku/Developer/BeCode/Summerpastures/sounds-swap/Sounds-swap/vendor/laravel/framework/src/Illuminate/Routing/Router.php(737): Illuminate\\Routing\\Router->dispatchToRoute(Object(Illuminate\\Http\\Request))
#37 /Users/josuesalazaku/Developer/BeCode/Summerpastures/sounds-swap/Sounds-swap/vendor/laravel/framework/src/Illuminate/Foundation/Http/Kernel.php(200): Illuminate\\Routing\\Router->dispatch(Object(Illuminate\\Http\\Request))
#38 /Users/josuesalazaku/Developer/BeCode/Summerpastures/sounds-swap/Sounds-swap/vendor/laravel/framework/src/Illuminate/Pipeline/Pipeline.php(144): Illuminate\\Foundation\\Http\\Kernel->Illuminate\\Foundation\\Http\\{closure}(Object(Illuminate\\Http\\Request))
#39 /Users/josuesalazaku/Developer/BeCode/Summerpastures/sounds-swap/Sounds-swap/vendor/laravel/framework/src/Illuminate/Foundation/Http/Middleware/TransformsRequest.php(21): Illuminate\\Pipeline\\Pipeline->Illuminate\\Pipeline\\{closure}(Object(Illuminate\\Http\\Request))
#40 /Users/josuesalazaku/Developer/BeCode/Summerpastures/sounds-swap/Sounds-swap/vendor/laravel/framework/src/Illuminate/Foundation/Http/Middleware/ConvertEmptyStringsToNull.php(31): Illuminate\\Foundation\\Http\\Middleware\\TransformsRequest->handle(Object(Illuminate\\Http\\Request), Object(Closure))
#41 /Users/josuesalazaku/Developer/BeCode/Summerpastures/sounds-swap/Sounds-swap/vendor/laravel/framework/src/Illuminate/Pipeline/Pipeline.php(183): Illuminate\\Foundation\\Http\\Middleware\\ConvertEmptyStringsToNull->handle(Object(Illuminate\\Http\\Request), Object(Closure))
#42 /Users/josuesalazaku/Developer/BeCode/Summerpastures/sounds-swap/Sounds-swap/vendor/laravel/framework/src/Illuminate/Foundation/Http/Middleware/TransformsRequest.php(21): Illuminate\\Pipeline\\Pipeline->Illuminate\\Pipeline\\{closure}(Object(Illuminate\\Http\\Request))
#43 /Users/josuesalazaku/Developer/BeCode/Summerpastures/sounds-swap/Sounds-swap/vendor/laravel/framework/src/Illuminate/Foundation/Http/Middleware/TrimStrings.php(50): Illuminate\\Foundation\\Http\\Middleware\\TransformsRequest->handle(Object(Illuminate\\Http\\Request), Object(Closure))
#44 /Users/josuesalazaku/Developer/BeCode/Summerpastures/sounds-swap/Sounds-swap/vendor/laravel/framework/src/Illuminate/Pipeline/Pipeline.php(183): Illuminate\\Foundation\\Http\\Middleware\\TrimStrings->handle(Object(Illuminate\\Http\\Request), Object(Closure))
#45 /Users/josuesalazaku/Developer/BeCode/Summerpastures/sounds-swap/Sounds-swap/vendor/laravel/framework/src/Illuminate/Http/Middleware/ValidatePostSize.php(27): Illuminate\\Pipeline\\Pipeline->Illuminate\\Pipeline\\{closure}(Object(Illuminate\\Http\\Request))
#46 /Users/josuesalazaku/Developer/BeCode/Summerpastures/sounds-swap/Sounds-swap/vendor/laravel/framework/src/Illuminate/Pipeline/Pipeline.php(183): Illuminate\\Http\\Middleware\\ValidatePostSize->handle(Object(Illuminate\\Http\\Request), Object(Closure))
#47 /Users/josuesalazaku/Developer/BeCode/Summerpastures/sounds-swap/Sounds-swap/vendor/laravel/framework/src/Illuminate/Foundation/Http/Middleware/PreventRequestsDuringMaintenance.php(103): Illuminate\\Pipeline\\Pipeline->Illuminate\\Pipeline\\{closure}(Object(Illuminate\\Http\\Request))
#48 /Users/josuesalazaku/Developer/BeCode/Summerpastures/sounds-swap/Sounds-swap/vendor/laravel/framework/src/Illuminate/Pipeline/Pipeline.php(183): Illuminate\\Foundation\\Http\\Middleware\\PreventRequestsDuringMaintenance->handle(Object(Illuminate\\Http\\Request), Object(Closure))
#49 /Users/josuesalazaku/Developer/BeCode/Summerpastures/sounds-swap/Sounds-swap/vendor/laravel/framework/src/Illuminate/Http/Middleware/HandleCors.php(49): Illuminate\\Pipeline\\Pipeline->Illuminate\\Pipeline\\{closure}(Object(Illuminate\\Http\\Request))
#50 /Users/josuesalazaku/Developer/BeCode/Summerpastures/sounds-swap/Sounds-swap/vendor/laravel/framework/src/Illuminate/Pipeline/Pipeline.php(183): Illuminate\\Http\\Middleware\\HandleCors->handle(Object(Illuminate\\Http\\Request), Object(Closure))
#51 /Users/josuesalazaku/Developer/BeCode/Summerpastures/sounds-swap/Sounds-swap/vendor/laravel/framework/src/Illuminate/Http/Middleware/TrustProxies.php(57): Illuminate\\Pipeline\\Pipeline->Illuminate\\Pipeline\\{closure}(Object(Illuminate\\Http\\Request))
#52 /Users/josuesalazaku/Developer/BeCode/Summerpastures/sounds-swap/Sounds-swap/vendor/laravel/framework/src/Illuminate/Pipeline/Pipeline.php(183): Illuminate\\Http\\Middleware\\TrustProxies->handle(Object(Illuminate\\Http\\Request), Object(Closure))
#53 /Users/josuesalazaku/Developer/BeCode/Summerpastures/sounds-swap/Sounds-swap/vendor/laravel/framework/src/Illuminate/Pipeline/Pipeline.php(119): Illuminate\\Pipeline\\Pipeline->Illuminate\\Pipeline\\{closure}(Object(Illuminate\\Http\\Request))
#54 /Users/josuesalazaku/Developer/BeCode/Summerpastures/sounds-swap/Sounds-swap/vendor/laravel/framework/src/Illuminate/Foundation/Http/Kernel.php(175): Illuminate\\Pipeline\\Pipeline->then(Object(Closure))
#55 /Users/josuesalazaku/Developer/BeCode/Summerpastures/sounds-swap/Sounds-swap/vendor/laravel/framework/src/Illuminate/Foundation/Http/Kernel.php(144): Illuminate\\Foundation\\Http\\Kernel->sendRequestThroughRouter(Object(Illuminate\\Http\\Request))
#56 /Users/josuesalazaku/Developer/BeCode/Summerpastures/sounds-swap/Sounds-swap/vendor/laravel/framework/src/Illuminate/Foundation/Application.php(1168): Illuminate\\Foundation\\Http\\Kernel->handle(Object(Illuminate\\Http\\Request))
#57 /Users/josuesalazaku/Developer/BeCode/Summerpastures/sounds-swap/Sounds-swap/public/index.php(17): Illuminate\\Foundation\\Application->handleRequest(Object(Illuminate\\Http\\Request))
#58 /Users/josuesalazaku/Developer/BeCode/Summerpastures/sounds-swap/Sounds-swap/vendor/laravel/framework/src/Illuminate/Foundation/resources/server.php(16): require_once('/Users/josuesal...')
#59 {main}
"} 
[2024-03-13 15:13:57] local.ERROR: SQLSTATE[42S02]: Base table or view not found: 1146 Table 'sounds_swap.sessions' doesn't exist (Connection: mysql, SQL: select * from `sessions` where `id` = 8RGEMTY0cUsfF9j2b4Qw0MAD6x2lRjcENboPWHuX limit 1) {"exception":"[object] (Illuminate\\Database\\QueryException(code: 42S02): SQLSTATE[42S02]: Base table or view not found: 1146 Table 'sounds_swap.sessions' doesn't exist (Connection: mysql, SQL: select * from `sessions` where `id` = 8RGEMTY0cUsfF9j2b4Qw0MAD6x2lRjcENboPWHuX limit 1) at /Users/josuesalazaku/Developer/BeCode/Summerpastures/sounds-swap/Sounds-swap/vendor/laravel/framework/src/Illuminate/Database/Connection.php:813)
[stacktrace]
#0 /Users/josuesalazaku/Developer/BeCode/Summerpastures/sounds-swap/Sounds-swap/vendor/laravel/framework/src/Illuminate/Database/Connection.php(767): Illuminate\\Database\\Connection->runQueryCallback('select * from `...', Array, Object(Closure))
#1 /Users/josuesalazaku/Developer/BeCode/Summerpastures/sounds-swap/Sounds-swap/vendor/laravel/framework/src/Illuminate/Database/Connection.php(398): Illuminate\\Database\\Connection->run('select * from `...', Array, Object(Closure))
#2 /Users/josuesalazaku/Developer/BeCode/Summerpastures/sounds-swap/Sounds-swap/vendor/laravel/framework/src/Illuminate/Database/Query/Builder.php(2899): Illuminate\\Database\\Connection->select('select * from `...', Array, true)
#3 /Users/josuesalazaku/Developer/BeCode/Summerpastures/sounds-swap/Sounds-swap/vendor/laravel/framework/src/Illuminate/Database/Query/Builder.php(2884): Illuminate\\Database\\Query\\Builder->runSelect()
#4 /Users/josuesalazaku/Developer/BeCode/Summerpastures/sounds-swap/Sounds-swap/vendor/laravel/framework/src/Illuminate/Database/Query/Builder.php(3468): Illuminate\\Database\\Query\\Builder->Illuminate\\Database\\Query\\{closure}()
#5 /Users/josuesalazaku/Developer/BeCode/Summerpastures/sounds-swap/Sounds-swap/vendor/laravel/framework/src/Illuminate/Database/Query/Builder.php(2883): Illuminate\\Database\\Query\\Builder->onceWithColumns(Array, Object(Closure))
#6 /Users/josuesalazaku/Developer/BeCode/Summerpastures/sounds-swap/Sounds-swap/vendor/laravel/framework/src/Illuminate/Database/Concerns/BuildsQueries.php(333): Illuminate\\Database\\Query\\Builder->get(Array)
#7 /Users/josuesalazaku/Developer/BeCode/Summerpastures/sounds-swap/Sounds-swap/vendor/laravel/framework/src/Illuminate/Database/Query/Builder.php(2806): Illuminate\\Database\\Query\\Builder->first(Array)
#8 /Users/josuesalazaku/Developer/BeCode/Summerpastures/sounds-swap/Sounds-swap/vendor/laravel/framework/src/Illuminate/Session/DatabaseSessionHandler.php(97): Illuminate\\Database\\Query\\Builder->find('8RGEMTY0cUsfF9j...')
#9 /Users/josuesalazaku/Developer/BeCode/Summerpastures/sounds-swap/Sounds-swap/vendor/laravel/framework/src/Illuminate/Session/Store.php(113): Illuminate\\Session\\DatabaseSessionHandler->read('8RGEMTY0cUsfF9j...')
#10 /Users/josuesalazaku/Developer/BeCode/Summerpastures/sounds-swap/Sounds-swap/vendor/laravel/framework/src/Illuminate/Session/Store.php(101): Illuminate\\Session\\Store->readFromHandler()
#11 /Users/josuesalazaku/Developer/BeCode/Summerpastures/sounds-swap/Sounds-swap/vendor/laravel/framework/src/Illuminate/Session/Store.php(85): Illuminate\\Session\\Store->loadSession()
#12 /Users/josuesalazaku/Developer/BeCode/Summerpastures/sounds-swap/Sounds-swap/vendor/laravel/framework/src/Illuminate/Session/Middleware/StartSession.php(147): Illuminate\\Session\\Store->start()
#13 /Users/josuesalazaku/Developer/BeCode/Summerpastures/sounds-swap/Sounds-swap/vendor/laravel/framework/src/Illuminate/Support/helpers.php(345): Illuminate\\Session\\Middleware\\StartSession->Illuminate\\Session\\Middleware\\{closure}(Object(Illuminate\\Session\\Store))
#14 /Users/josuesalazaku/Developer/BeCode/Summerpastures/sounds-swap/Sounds-swap/vendor/laravel/framework/src/Illuminate/Session/Middleware/StartSession.php(144): tap(Object(Illuminate\\Session\\Store), Object(Closure))
#15 /Users/josuesalazaku/Developer/BeCode/Summerpastures/sounds-swap/Sounds-swap/vendor/laravel/framework/src/Illuminate/Session/Middleware/StartSession.php(116): Illuminate\\Session\\Middleware\\StartSession->startSession(Object(Illuminate\\Http\\Request), Object(Illuminate\\Session\\Store))
#16 /Users/josuesalazaku/Developer/BeCode/Summerpastures/sounds-swap/Sounds-swap/vendor/laravel/framework/src/Illuminate/Session/Middleware/StartSession.php(64): Illuminate\\Session\\Middleware\\StartSession->handleStatefulRequest(Object(Illuminate\\Http\\Request), Object(Illuminate\\Session\\Store), Object(Closure))
#17 /Users/josuesalazaku/Developer/BeCode/Summerpastures/sounds-swap/Sounds-swap/vendor/laravel/framework/src/Illuminate/Pipeline/Pipeline.php(183): Illuminate\\Session\\Middleware\\StartSession->handle(Object(Illuminate\\Http\\Request), Object(Closure))
#18 /Users/josuesalazaku/Developer/BeCode/Summerpastures/sounds-swap/Sounds-swap/vendor/laravel/framework/src/Illuminate/Cookie/Middleware/AddQueuedCookiesToResponse.php(37): Illuminate\\Pipeline\\Pipeline->Illuminate\\Pipeline\\{closure}(Object(Illuminate\\Http\\Request))
#19 /Users/josuesalazaku/Developer/BeCode/Summerpastures/sounds-swap/Sounds-swap/vendor/laravel/framework/src/Illuminate/Pipeline/Pipeline.php(183): Illuminate\\Cookie\\Middleware\\AddQueuedCookiesToResponse->handle(Object(Illuminate\\Http\\Request), Object(Closure))
#20 /Users/josuesalazaku/Developer/BeCode/Summerpastures/sounds-swap/Sounds-swap/vendor/laravel/framework/src/Illuminate/Cookie/Middleware/EncryptCookies.php(75): Illuminate\\Pipeline\\Pipeline->Illuminate\\Pipeline\\{closure}(Object(Illuminate\\Http\\Request))
#21 /Users/josuesalazaku/Developer/BeCode/Summerpastures/sounds-swap/Sounds-swap/vendor/laravel/framework/src/Illuminate/Pipeline/Pipeline.php(183): Illuminate\\Cookie\\Middleware\\EncryptCookies->handle(Object(Illuminate\\Http\\Request), Object(Closure))
#22 /Users/josuesalazaku/Developer/BeCode/Summerpastures/sounds-swap/Sounds-swap/vendor/laravel/framework/src/Illuminate/Pipeline/Pipeline.php(119): Illuminate\\Pipeline\\Pipeline->Illuminate\\Pipeline\\{closure}(Object(Illuminate\\Http\\Request))
#23 /Users/josuesalazaku/Developer/BeCode/Summerpastures/sounds-swap/Sounds-swap/vendor/laravel/framework/src/Illuminate/Routing/Router.php(805): Illuminate\\Pipeline\\Pipeline->then(Object(Closure))
#24 /Users/josuesalazaku/Developer/BeCode/Summerpastures/sounds-swap/Sounds-swap/vendor/laravel/framework/src/Illuminate/Routing/Router.php(784): Illuminate\\Routing\\Router->runRouteWithinStack(Object(Illuminate\\Routing\\Route), Object(Illuminate\\Http\\Request))
#25 /Users/josuesalazaku/Developer/BeCode/Summerpastures/sounds-swap/Sounds-swap/vendor/laravel/framework/src/Illuminate/Routing/Router.php(748): Illuminate\\Routing\\Router->runRoute(Object(Illuminate\\Http\\Request), Object(Illuminate\\Routing\\Route))
#26 /Users/josuesalazaku/Developer/BeCode/Summerpastures/sounds-swap/Sounds-swap/vendor/laravel/framework/src/Illuminate/Routing/Router.php(737): Illuminate\\Routing\\Router->dispatchToRoute(Object(Illuminate\\Http\\Request))
#27 /Users/josuesalazaku/Developer/BeCode/Summerpastures/sounds-swap/Sounds-swap/vendor/laravel/framework/src/Illuminate/Foundation/Http/Kernel.php(200): Illuminate\\Routing\\Router->dispatch(Object(Illuminate\\Http\\Request))
#28 /Users/josuesalazaku/Developer/BeCode/Summerpastures/sounds-swap/Sounds-swap/vendor/laravel/framework/src/Illuminate/Pipeline/Pipeline.php(144): Illuminate\\Foundation\\Http\\Kernel->Illuminate\\Foundation\\Http\\{closure}(Object(Illuminate\\Http\\Request))
#29 /Users/josuesalazaku/Developer/BeCode/Summerpastures/sounds-swap/Sounds-swap/vendor/laravel/framework/src/Illuminate/Foundation/Http/Middleware/TransformsRequest.php(21): Illuminate\\Pipeline\\Pipeline->Illuminate\\Pipeline\\{closure}(Object(Illuminate\\Http\\Request))
#30 /Users/josuesalazaku/Developer/BeCode/Summerpastures/sounds-swap/Sounds-swap/vendor/laravel/framework/src/Illuminate/Foundation/Http/Middleware/ConvertEmptyStringsToNull.php(31): Illuminate\\Foundation\\Http\\Middleware\\TransformsRequest->handle(Object(Illuminate\\Http\\Request), Object(Closure))
#31 /Users/josuesalazaku/Developer/BeCode/Summerpastures/sounds-swap/Sounds-swap/vendor/laravel/framework/src/Illuminate/Pipeline/Pipeline.php(183): Illuminate\\Foundation\\Http\\Middleware\\ConvertEmptyStringsToNull->handle(Object(Illuminate\\Http\\Request), Object(Closure))
#32 /Users/josuesalazaku/Developer/BeCode/Summerpastures/sounds-swap/Sounds-swap/vendor/laravel/framework/src/Illuminate/Foundation/Http/Middleware/TransformsRequest.php(21): Illuminate\\Pipeline\\Pipeline->Illuminate\\Pipeline\\{closure}(Object(Illuminate\\Http\\Request))
#33 /Users/josuesalazaku/Developer/BeCode/Summerpastures/sounds-swap/Sounds-swap/vendor/laravel/framework/src/Illuminate/Foundation/Http/Middleware/TrimStrings.php(50): Illuminate\\Foundation\\Http\\Middleware\\TransformsRequest->handle(Object(Illuminate\\Http\\Request), Object(Closure))
#34 /Users/josuesalazaku/Developer/BeCode/Summerpastures/sounds-swap/Sounds-swap/vendor/laravel/framework/src/Illuminate/Pipeline/Pipeline.php(183): Illuminate\\Foundation\\Http\\Middleware\\TrimStrings->handle(Object(Illuminate\\Http\\Request), Object(Closure))
#35 /Users/josuesalazaku/Developer/BeCode/Summerpastures/sounds-swap/Sounds-swap/vendor/laravel/framework/src/Illuminate/Http/Middleware/ValidatePostSize.php(27): Illuminate\\Pipeline\\Pipeline->Illuminate\\Pipeline\\{closure}(Object(Illuminate\\Http\\Request))
#36 /Users/josuesalazaku/Developer/BeCode/Summerpastures/sounds-swap/Sounds-swap/vendor/laravel/framework/src/Illuminate/Pipeline/Pipeline.php(183): Illuminate\\Http\\Middleware\\ValidatePostSize->handle(Object(Illuminate\\Http\\Request), Object(Closure))
#37 /Users/josuesalazaku/Developer/BeCode/Summerpastures/sounds-swap/Sounds-swap/vendor/laravel/framework/src/Illuminate/Foundation/Http/Middleware/PreventRequestsDuringMaintenance.php(103): Illuminate\\Pipeline\\Pipeline->Illuminate\\Pipeline\\{closure}(Object(Illuminate\\Http\\Request))
#38 /Users/josuesalazaku/Developer/BeCode/Summerpastures/sounds-swap/Sounds-swap/vendor/laravel/framework/src/Illuminate/Pipeline/Pipeline.php(183): Illuminate\\Foundation\\Http\\Middleware\\PreventRequestsDuringMaintenance->handle(Object(Illuminate\\Http\\Request), Object(Closure))
#39 /Users/josuesalazaku/Developer/BeCode/Summerpastures/sounds-swap/Sounds-swap/vendor/laravel/framework/src/Illuminate/Http/Middleware/HandleCors.php(49): Illuminate\\Pipeline\\Pipeline->Illuminate\\Pipeline\\{closure}(Object(Illuminate\\Http\\Request))
#40 /Users/josuesalazaku/Developer/BeCode/Summerpastures/sounds-swap/Sounds-swap/vendor/laravel/framework/src/Illuminate/Pipeline/Pipeline.php(183): Illuminate\\Http\\Middleware\\HandleCors->handle(Object(Illuminate\\Http\\Request), Object(Closure))
#41 /Users/josuesalazaku/Developer/BeCode/Summerpastures/sounds-swap/Sounds-swap/vendor/laravel/framework/src/Illuminate/Http/Middleware/TrustProxies.php(57): Illuminate\\Pipeline\\Pipeline->Illuminate\\Pipeline\\{closure}(Object(Illuminate\\Http\\Request))
#42 /Users/josuesalazaku/Developer/BeCode/Summerpastures/sounds-swap/Sounds-swap/vendor/laravel/framework/src/Illuminate/Pipeline/Pipeline.php(183): Illuminate\\Http\\Middleware\\TrustProxies->handle(Object(Illuminate\\Http\\Request), Object(Closure))
#43 /Users/josuesalazaku/Developer/BeCode/Summerpastures/sounds-swap/Sounds-swap/vendor/laravel/framework/src/Illuminate/Pipeline/Pipeline.php(119): Illuminate\\Pipeline\\Pipeline->Illuminate\\Pipeline\\{closure}(Object(Illuminate\\Http\\Request))
#44 /Users/josuesalazaku/Developer/BeCode/Summerpastures/sounds-swap/Sounds-swap/vendor/laravel/framework/src/Illuminate/Foundation/Http/Kernel.php(175): Illuminate\\Pipeline\\Pipeline->then(Object(Closure))
#45 /Users/josuesalazaku/Developer/BeCode/Summerpastures/sounds-swap/Sounds-swap/vendor/laravel/framework/src/Illuminate/Foundation/Http/Kernel.php(144): Illuminate\\Foundation\\Http\\Kernel->sendRequestThroughRouter(Object(Illuminate\\Http\\Request))
#46 /Users/josuesalazaku/Developer/BeCode/Summerpastures/sounds-swap/Sounds-swap/vendor/laravel/framework/src/Illuminate/Foundation/Application.php(1168): Illuminate\\Foundation\\Http\\Kernel->handle(Object(Illuminate\\Http\\Request))
#47 /Users/josuesalazaku/Developer/BeCode/Summerpastures/sounds-swap/Sounds-swap/public/index.php(17): Illuminate\\Foundation\\Application->handleRequest(Object(Illuminate\\Http\\Request))
#48 /Users/josuesalazaku/Developer/BeCode/Summerpastures/sounds-swap/Sounds-swap/vendor/laravel/framework/src/Illuminate/Foundation/resources/server.php(16): require_once('/Users/josuesal...')
#49 {main}

[previous exception] [object] (PDOException(code: 42S02): SQLSTATE[42S02]: Base table or view not found: 1146 Table 'sounds_swap.sessions' doesn't exist at /Users/josuesalazaku/Developer/BeCode/Summerpastures/sounds-swap/Sounds-swap/vendor/laravel/framework/src/Illuminate/Database/Connection.php:407)
[stacktrace]
#0 /Users/josuesalazaku/Developer/BeCode/Summerpastures/sounds-swap/Sounds-swap/vendor/laravel/framework/src/Illuminate/Database/Connection.php(407): PDO->prepare('select * from `...')
#1 /Users/josuesalazaku/Developer/BeCode/Summerpastures/sounds-swap/Sounds-swap/vendor/laravel/framework/src/Illuminate/Database/Connection.php(800): Illuminate\\Database\\Connection->Illuminate\\Database\\{closure}('select * from `...', Array)
#2 /Users/josuesalazaku/Developer/BeCode/Summerpastures/sounds-swap/Sounds-swap/vendor/laravel/framework/src/Illuminate/Database/Connection.php(767): Illuminate\\Database\\Connection->runQueryCallback('select * from `...', Array, Object(Closure))
#3 /Users/josuesalazaku/Developer/BeCode/Summerpastures/sounds-swap/Sounds-swap/vendor/laravel/framework/src/Illuminate/Database/Connection.php(398): Illuminate\\Database\\Connection->run('select * from `...', Array, Object(Closure))
#4 /Users/josuesalazaku/Developer/BeCode/Summerpastures/sounds-swap/Sounds-swap/vendor/laravel/framework/src/Illuminate/Database/Query/Builder.php(2899): Illuminate\\Database\\Connection->select('select * from `...', Array, true)
#5 /Users/josuesalazaku/Developer/BeCode/Summerpastures/sounds-swap/Sounds-swap/vendor/laravel/framework/src/Illuminate/Database/Query/Builder.php(2884): Illuminate\\Database\\Query\\Builder->runSelect()
#6 /Users/josuesalazaku/Developer/BeCode/Summerpastures/sounds-swap/Sounds-swap/vendor/laravel/framework/src/Illuminate/Database/Query/Builder.php(3468): Illuminate\\Database\\Query\\Builder->Illuminate\\Database\\Query\\{closure}()
#7 /Users/josuesalazaku/Developer/BeCode/Summerpastures/sounds-swap/Sounds-swap/vendor/laravel/framework/src/Illuminate/Database/Query/Builder.php(2883): Illuminate\\Database\\Query\\Builder->onceWithColumns(Array, Object(Closure))
#8 /Users/josuesalazaku/Developer/BeCode/Summerpastures/sounds-swap/Sounds-swap/vendor/laravel/framework/src/Illuminate/Database/Concerns/BuildsQueries.php(333): Illuminate\\Database\\Query\\Builder->get(Array)
#9 /Users/josuesalazaku/Developer/BeCode/Summerpastures/sounds-swap/Sounds-swap/vendor/laravel/framework/src/Illuminate/Database/Query/Builder.php(2806): Illuminate\\Database\\Query\\Builder->first(Array)
#10 /Users/josuesalazaku/Developer/BeCode/Summerpastures/sounds-swap/Sounds-swap/vendor/laravel/framework/src/Illuminate/Session/DatabaseSessionHandler.php(97): Illuminate\\Database\\Query\\Builder->find('8RGEMTY0cUsfF9j...')
#11 /Users/josuesalazaku/Developer/BeCode/Summerpastures/sounds-swap/Sounds-swap/vendor/laravel/framework/src/Illuminate/Session/Store.php(113): Illuminate\\Session\\DatabaseSessionHandler->read('8RGEMTY0cUsfF9j...')
#12 /Users/josuesalazaku/Developer/BeCode/Summerpastures/sounds-swap/Sounds-swap/vendor/laravel/framework/src/Illuminate/Session/Store.php(101): Illuminate\\Session\\Store->readFromHandler()
#13 /Users/josuesalazaku/Developer/BeCode/Summerpastures/sounds-swap/Sounds-swap/vendor/laravel/framework/src/Illuminate/Session/Store.php(85): Illuminate\\Session\\Store->loadSession()
#14 /Users/josuesalazaku/Developer/BeCode/Summerpastures/sounds-swap/Sounds-swap/vendor/laravel/framework/src/Illuminate/Session/Middleware/StartSession.php(147): Illuminate\\Session\\Store->start()
#15 /Users/josuesalazaku/Developer/BeCode/Summerpastures/sounds-swap/Sounds-swap/vendor/laravel/framework/src/Illuminate/Support/helpers.php(345): Illuminate\\Session\\Middleware\\StartSession->Illuminate\\Session\\Middleware\\{closure}(Object(Illuminate\\Session\\Store))
#16 /Users/josuesalazaku/Developer/BeCode/Summerpastures/sounds-swap/Sounds-swap/vendor/laravel/framework/src/Illuminate/Session/Middleware/StartSession.php(144): tap(Object(Illuminate\\Session\\Store), Object(Closure))
#17 /Users/josuesalazaku/Developer/BeCode/Summerpastures/sounds-swap/Sounds-swap/vendor/laravel/framework/src/Illuminate/Session/Middleware/StartSession.php(116): Illuminate\\Session\\Middleware\\StartSession->startSession(Object(Illuminate\\Http\\Request), Object(Illuminate\\Session\\Store))
#18 /Users/josuesalazaku/Developer/BeCode/Summerpastures/sounds-swap/Sounds-swap/vendor/laravel/framework/src/Illuminate/Session/Middleware/StartSession.php(64): Illuminate\\Session\\Middleware\\StartSession->handleStatefulRequest(Object(Illuminate\\Http\\Request), Object(Illuminate\\Session\\Store), Object(Closure))
#19 /Users/josuesalazaku/Developer/BeCode/Summerpastures/sounds-swap/Sounds-swap/vendor/laravel/framework/src/Illuminate/Pipeline/Pipeline.php(183): Illuminate\\Session\\Middleware\\StartSession->handle(Object(Illuminate\\Http\\Request), Object(Closure))
#20 /Users/josuesalazaku/Developer/BeCode/Summerpastures/sounds-swap/Sounds-swap/vendor/laravel/framework/src/Illuminate/Cookie/Middleware/AddQueuedCookiesToResponse.php(37): Illuminate\\Pipeline\\Pipeline->Illuminate\\Pipeline\\{closure}(Object(Illuminate\\Http\\Request))
#21 /Users/josuesalazaku/Developer/BeCode/Summerpastures/sounds-swap/Sounds-swap/vendor/laravel/framework/src/Illuminate/Pipeline/Pipeline.php(183): Illuminate\\Cookie\\Middleware\\AddQueuedCookiesToResponse->handle(Object(Illuminate\\Http\\Request), Object(Closure))
#22 /Users/josuesalazaku/Developer/BeCode/Summerpastures/sounds-swap/Sounds-swap/vendor/laravel/framework/src/Illuminate/Cookie/Middleware/EncryptCookies.php(75): Illuminate\\Pipeline\\Pipeline->Illuminate\\Pipeline\\{closure}(Object(Illuminate\\Http\\Request))
#23 /Users/josuesalazaku/Developer/BeCode/Summerpastures/sounds-swap/Sounds-swap/vendor/laravel/framework/src/Illuminate/Pipeline/Pipeline.php(183): Illuminate\\Cookie\\Middleware\\EncryptCookies->handle(Object(Illuminate\\Http\\Request), Object(Closure))
#24 /Users/josuesalazaku/Developer/BeCode/Summerpastures/sounds-swap/Sounds-swap/vendor/laravel/framework/src/Illuminate/Pipeline/Pipeline.php(119): Illuminate\\Pipeline\\Pipeline->Illuminate\\Pipeline\\{closure}(Object(Illuminate\\Http\\Request))
#25 /Users/josuesalazaku/Developer/BeCode/Summerpastures/sounds-swap/Sounds-swap/vendor/laravel/framework/src/Illuminate/Routing/Router.php(805): Illuminate\\Pipeline\\Pipeline->then(Object(Closure))
#26 /Users/josuesalazaku/Developer/BeCode/Summerpastures/sounds-swap/Sounds-swap/vendor/laravel/framework/src/Illuminate/Routing/Router.php(784): Illuminate\\Routing\\Router->runRouteWithinStack(Object(Illuminate\\Routing\\Route), Object(Illuminate\\Http\\Request))
#27 /Users/josuesalazaku/Developer/BeCode/Summerpastures/sounds-swap/Sounds-swap/vendor/laravel/framework/src/Illuminate/Routing/Router.php(748): Illuminate\\Routing\\Router->runRoute(Object(Illuminate\\Http\\Request), Object(Illuminate\\Routing\\Route))
#28 /Users/josuesalazaku/Developer/BeCode/Summerpastures/sounds-swap/Sounds-swap/vendor/laravel/framework/src/Illuminate/Routing/Router.php(737): Illuminate\\Routing\\Router->dispatchToRoute(Object(Illuminate\\Http\\Request))
#29 /Users/josuesalazaku/Developer/BeCode/Summerpastures/sounds-swap/Sounds-swap/vendor/laravel/framework/src/Illuminate/Foundation/Http/Kernel.php(200): Illuminate\\Routing\\Router->dispatch(Object(Illuminate\\Http\\Request))
#30 /Users/josuesalazaku/Developer/BeCode/Summerpastures/sounds-swap/Sounds-swap/vendor/laravel/framework/src/Illuminate/Pipeline/Pipeline.php(144): Illuminate\\Foundation\\Http\\Kernel->Illuminate\\Foundation\\Http\\{closure}(Object(Illuminate\\Http\\Request))
#31 /Users/josuesalazaku/Developer/BeCode/Summerpastures/sounds-swap/Sounds-swap/vendor/laravel/framework/src/Illuminate/Foundation/Http/Middleware/TransformsRequest.php(21): Illuminate\\Pipeline\\Pipeline->Illuminate\\Pipeline\\{closure}(Object(Illuminate\\Http\\Request))
#32 /Users/josuesalazaku/Developer/BeCode/Summerpastures/sounds-swap/Sounds-swap/vendor/laravel/framework/src/Illuminate/Foundation/Http/Middleware/ConvertEmptyStringsToNull.php(31): Illuminate\\Foundation\\Http\\Middleware\\TransformsRequest->handle(Object(Illuminate\\Http\\Request), Object(Closure))
#33 /Users/josuesalazaku/Developer/BeCode/Summerpastures/sounds-swap/Sounds-swap/vendor/laravel/framework/src/Illuminate/Pipeline/Pipeline.php(183): Illuminate\\Foundation\\Http\\Middleware\\ConvertEmptyStringsToNull->handle(Object(Illuminate\\Http\\Request), Object(Closure))
#34 /Users/josuesalazaku/Developer/BeCode/Summerpastures/sounds-swap/Sounds-swap/vendor/laravel/framework/src/Illuminate/Foundation/Http/Middleware/TransformsRequest.php(21): Illuminate\\Pipeline\\Pipeline->Illuminate\\Pipeline\\{closure}(Object(Illuminate\\Http\\Request))
#35 /Users/josuesalazaku/Developer/BeCode/Summerpastures/sounds-swap/Sounds-swap/vendor/laravel/framework/src/Illuminate/Foundation/Http/Middleware/TrimStrings.php(50): Illuminate\\Foundation\\Http\\Middleware\\TransformsRequest->handle(Object(Illuminate\\Http\\Request), Object(Closure))
#36 /Users/josuesalazaku/Developer/BeCode/Summerpastures/sounds-swap/Sounds-swap/vendor/laravel/framework/src/Illuminate/Pipeline/Pipeline.php(183): Illuminate\\Foundation\\Http\\Middleware\\TrimStrings->handle(Object(Illuminate\\Http\\Request), Object(Closure))
#37 /Users/josuesalazaku/Developer/BeCode/Summerpastures/sounds-swap/Sounds-swap/vendor/laravel/framework/src/Illuminate/Http/Middleware/ValidatePostSize.php(27): Illuminate\\Pipeline\\Pipeline->Illuminate\\Pipeline\\{closure}(Object(Illuminate\\Http\\Request))
#38 /Users/josuesalazaku/Developer/BeCode/Summerpastures/sounds-swap/Sounds-swap/vendor/laravel/framework/src/Illuminate/Pipeline/Pipeline.php(183): Illuminate\\Http\\Middleware\\ValidatePostSize->handle(Object(Illuminate\\Http\\Request), Object(Closure))
#39 /Users/josuesalazaku/Developer/BeCode/Summerpastures/sounds-swap/Sounds-swap/vendor/laravel/framework/src/Illuminate/Foundation/Http/Middleware/PreventRequestsDuringMaintenance.php(103): Illuminate\\Pipeline\\Pipeline->Illuminate\\Pipeline\\{closure}(Object(Illuminate\\Http\\Request))
#40 /Users/josuesalazaku/Developer/BeCode/Summerpastures/sounds-swap/Sounds-swap/vendor/laravel/framework/src/Illuminate/Pipeline/Pipeline.php(183): Illuminate\\Foundation\\Http\\Middleware\\PreventRequestsDuringMaintenance->handle(Object(Illuminate\\Http\\Request), Object(Closure))
#41 /Users/josuesalazaku/Developer/BeCode/Summerpastures/sounds-swap/Sounds-swap/vendor/laravel/framework/src/Illuminate/Http/Middleware/HandleCors.php(49): Illuminate\\Pipeline\\Pipeline->Illuminate\\Pipeline\\{closure}(Object(Illuminate\\Http\\Request))
#42 /Users/josuesalazaku/Developer/BeCode/Summerpastures/sounds-swap/Sounds-swap/vendor/laravel/framework/src/Illuminate/Pipeline/Pipeline.php(183): Illuminate\\Http\\Middleware\\HandleCors->handle(Object(Illuminate\\Http\\Request), Object(Closure))
#43 /Users/josuesalazaku/Developer/BeCode/Summerpastures/sounds-swap/Sounds-swap/vendor/laravel/framework/src/Illuminate/Http/Middleware/TrustProxies.php(57): Illuminate\\Pipeline\\Pipeline->Illuminate\\Pipeline\\{closure}(Object(Illuminate\\Http\\Request))
#44 /Users/josuesalazaku/Developer/BeCode/Summerpastures/sounds-swap/Sounds-swap/vendor/laravel/framework/src/Illuminate/Pipeline/Pipeline.php(183): Illuminate\\Http\\Middleware\\TrustProxies->handle(Object(Illuminate\\Http\\Request), Object(Closure))
#45 /Users/josuesalazaku/Developer/BeCode/Summerpastures/sounds-swap/Sounds-swap/vendor/laravel/framework/src/Illuminate/Pipeline/Pipeline.php(119): Illuminate\\Pipeline\\Pipeline->Illuminate\\Pipeline\\{closure}(Object(Illuminate\\Http\\Request))
#46 /Users/josuesalazaku/Developer/BeCode/Summerpastures/sounds-swap/Sounds-swap/vendor/laravel/framework/src/Illuminate/Foundation/Http/Kernel.php(175): Illuminate\\Pipeline\\Pipeline->then(Object(Closure))
#47 /Users/josuesalazaku/Developer/BeCode/Summerpastures/sounds-swap/Sounds-swap/vendor/laravel/framework/src/Illuminate/Foundation/Http/Kernel.php(144): Illuminate\\Foundation\\Http\\Kernel->sendRequestThroughRouter(Object(Illuminate\\Http\\Request))
#48 /Users/josuesalazaku/Developer/BeCode/Summerpastures/sounds-swap/Sounds-swap/vendor/laravel/framework/src/Illuminate/Foundation/Application.php(1168): Illuminate\\Foundation\\Http\\Kernel->handle(Object(Illuminate\\Http\\Request))
#49 /Users/josuesalazaku/Developer/BeCode/Summerpastures/sounds-swap/Sounds-swap/public/index.php(17): Illuminate\\Foundation\\Application->handleRequest(Object(Illuminate\\Http\\Request))
#50 /Users/josuesalazaku/Developer/BeCode/Summerpastures/sounds-swap/Sounds-swap/vendor/laravel/framework/src/Illuminate/Foundation/resources/server.php(16): require_once('/Users/josuesal...')
#51 {main}
"} 
